<?xml version="1.0" encoding="UTF-8"?>
<testng-results ignored="0" total="1" passed="1" failed="0" skipped="0">
  <reporter-output>
  </reporter-output>
  <suite started-at="2022-03-16T11:45:32 IST" name="Default suite" finished-at="2022-03-16T11:45:32 IST" duration-ms="107">
    <groups>
    </groups>
    <test started-at="2022-03-16T11:45:32 IST" name="Default test" finished-at="2022-03-16T11:45:32 IST" duration-ms="107">
      <class name="getPropProg.getPropertyProgramme">
        <test-method signature="getPropertyProg()[pri:0, instance:getPropProg.getPropertyProgramme@2e55dd0c]" started-at="2022-03-16T11:45:32 IST" name="getPropertyProg" finished-at="2022-03-16T11:45:32 IST" duration-ms="20" status="PASS">
          <reporter-output>
          </reporter-output>
        </test-method> <!-- getPropertyProg -->
      </class> <!-- getPropProg.getPropertyProgramme -->
    </test> <!-- Default test -->
  </suite> <!-- Default suite -->
</testng-results>
